<?xml version="1.0" encoding="UTF-8"?>
<testng-results skipped="0" failed="0" ignored="2" total="9" passed="7">
  <reporter-output>
  </reporter-output>
  <suite name="Test - Suite" duration-ms="24570" started-at="2018-08-03T17:56:06Z" finished-at="2018-08-03T17:56:30Z">
    <groups>
    </groups>
    <test name="testing new page" duration-ms="24570" started-at="2018-08-03T17:56:06Z" finished-at="2018-08-03T17:56:30Z">
      <class name="tests.LogTest">
        <test-method status="PASS" signature="setUp()[pri:0, instance:tests.LogTest@c038203]" name="setUp" is-config="true" duration-ms="45858" started-at="2018-08-03T17:55:20Z" finished-at="2018-08-03T17:56:06Z">
          <reporter-output>
          </reporter-output>
        </test-method> <!-- setUp -->
        <test-method status="PASS" signature="signIn()[pri:0, instance:tests.LogTest@c038203]" name="signIn" duration-ms="9414" started-at="2018-08-03T17:56:06Z" finished-at="2018-08-03T17:56:15Z">
          <reporter-output>
          </reporter-output>
        </test-method> <!-- signIn -->
        <test-method status="PASS" signature="signIn1()[pri:1, instance:tests.LogTest@c038203]" name="signIn1" duration-ms="4381" started-at="2018-08-03T17:56:15Z" finished-at="2018-08-03T17:56:19Z">
          <reporter-output>
          </reporter-output>
        </test-method> <!-- signIn1 -->
        <test-method status="PASS" signature="signIn2()[pri:2, instance:tests.LogTest@c038203]" name="signIn2" duration-ms="1579" started-at="2018-08-03T17:56:19Z" finished-at="2018-08-03T17:56:21Z">
          <reporter-output>
          </reporter-output>
        </test-method> <!-- signIn2 -->
        <test-method status="PASS" signature="signIn3()[pri:3, instance:tests.LogTest@c038203]" name="signIn3" duration-ms="2193" started-at="2018-08-03T17:56:21Z" finished-at="2018-08-03T17:56:23Z">
          <reporter-output>
          </reporter-output>
        </test-method> <!-- signIn3 -->
        <test-method status="PASS" signature="signIn4()[pri:4, instance:tests.LogTest@c038203]" name="signIn4" duration-ms="2749" started-at="2018-08-03T17:56:23Z" finished-at="2018-08-03T17:56:26Z">
          <reporter-output>
          </reporter-output>
        </test-method> <!-- signIn4 -->
        <test-method status="PASS" signature="signIn5()[pri:5, instance:tests.LogTest@c038203]" name="signIn5" duration-ms="2462" started-at="2018-08-03T17:56:26Z" finished-at="2018-08-03T17:56:28Z">
          <reporter-output>
          </reporter-output>
        </test-method> <!-- signIn5 -->
        <test-method status="PASS" signature="canGoToMyAccount()[pri:6, instance:tests.LogTest@c038203]" name="canGoToMyAccount" duration-ms="1742" started-at="2018-08-03T17:56:28Z" finished-at="2018-08-03T17:56:30Z">
          <reporter-output>
          </reporter-output>
        </test-method> <!-- canGoToMyAccount -->
        <test-method status="PASS" signature="tearDown()[pri:0, instance:tests.LogTest@c038203]" name="tearDown" is-config="true" duration-ms="1103" started-at="2018-08-03T17:56:31Z" finished-at="2018-08-03T17:56:32Z">
          <reporter-output>
          </reporter-output>
        </test-method> <!-- tearDown -->
      </class> <!-- tests.LogTest -->
    </test> <!-- testing new page -->
  </suite> <!-- Test - Suite -->
</testng-results>
