<?xml version="1.0" encoding="UTF-8"?>
<!-- Generated by org.testng.reporters.JUnitXMLReporter -->
<testsuite hostname="DESKTOP-106CV6O" ignored="0" name="Default test" tests="7" failures="0" timestamp="03 Aug 2018 17:44:03 GMT" time="113.475" errors="0">
  <testcase name="signIn" time="14.741" classname="tests.LogTest"/>
  <testcase name="signIn1" time="5.149" classname="tests.LogTest"/>
  <testcase name="signIn2" time="1.47" classname="tests.LogTest"/>
  <testcase name="signIn3" time="2.609" classname="tests.LogTest"/>
  <testcase name="signIn4" time="2.609" classname="tests.LogTest"/>
  <testcase name="signIn5" time="2.072" classname="tests.LogTest"/>
  <testcase name="canGoToMyAccount" time="1.439" classname="tests.LogTest"/>
</testsuite> <!-- Default test -->
