<?xml version="1.0" encoding="UTF-8"?>
<!-- Generated by org.testng.reporters.JUnitXMLReporter -->
<testsuite hostname="DESKTOP-106CV6O" ignored="2" name="testing new page" tests="7" failures="0" timestamp="03 Aug 2018 17:56:31 GMT" time="24.57" errors="0">
  <testcase name="signIn" time="9.414" classname="tests.LogTest"/>
  <testcase name="signIn1" time="4.381" classname="tests.LogTest"/>
  <testcase name="signIn2" time="1.579" classname="tests.LogTest"/>
  <testcase name="signIn3" time="2.193" classname="tests.LogTest"/>
  <testcase name="signIn4" time="2.749" classname="tests.LogTest"/>
  <testcase name="signIn5" time="2.462" classname="tests.LogTest"/>
  <testcase name="canGoToMyAccount" time="1.742" classname="tests.LogTest"/>
  <testcase name="@BeforeSuite setUp" time="0.0" classname="tests.Browser">
    <ignored/>
  </testcase> <!-- @BeforeSuite setUp -->
  <testcase name="@AfterSuite tearDown" time="0.0" classname="tests.Browser">
    <ignored/>
  </testcase> <!-- @AfterSuite tearDown -->
</testsuite> <!-- testing new page -->
